nohup: ignoring input
Configuration file: /home/turbotux/PycharmProjects/CV/docs/_config.yml
            Source: /home/turbotux/PycharmProjects/CV/docs
       Destination: /home/turbotux/PycharmProjects/CV/docs/_site
 Incremental build: disabled. Enable with --incremental
      Generating... 
                    done in 0.026 seconds.
 Auto-regeneration: enabled for '/home/turbotux/PycharmProjects/CV/docs'
    Server address: http://127.0.0.1:4000/CV/
  Server running... press ctrl-c to stop.
      Regenerating: 1 file(s) changed at 2025-08-10 23:02:53
                    jekyll.log
                    ...done in 0.020519618 seconds.
                    
      Regenerating: 1 file(s) changed at 2025-08-10 23:02:53
                    jekyll.log
                    ...done in 0.024316474 seconds.
                    
      Regenerating: 1 file(s) changed at 2025-08-10 23:02:53
                    jekyll.log
                    ...done in 0.011654856 seconds.
                    
      Regenerating: 1 file(s) changed at 2025-08-10 23:02:53
                    jekyll.log
                    ...done in 0.019984172 seconds.
                    
      Regenerating: 1 file(s) changed at 2025-08-10 23:02:53
                    jekyll.log
                    ...done in 0.004278863 seconds.
                    
      Regenerating: 1 file(s) changed at 2025-08-10 23:02:54
                    jekyll.log
                    ...done in 0.013508204 seconds.
                    
      Regenerating: 1 file(s) changed at 2025-08-10 23:02:54
                    jekyll.log
                    ...done in 0.010613809 seconds.
                    
      Regenerating: 1 file(s) changed at 2025-08-10 23:02:54
                    jekyll.log
                    ...done in 0.006703136 seconds.
                    
      Regenerating: 1 file(s) changed at 2025-08-10 23:02:54
                    jekyll.log
                    ...done in 0.010344709 seconds.
                    
      Regenerating: 1 file(s) changed at 2025-08-10 23:02:54
                    jekyll.log
                    ...done in 0.011789947 seconds.
                    
      Regenerating: 1 file(s) changed at 2025-08-10 23:02:54
                    jekyll.log
                    ...done in 0.011742358 seconds.
                    
      Regenerating: 1 file(s) changed at 2025-08-10 23:02:54
                    jekyll.log
                    ...done in 0.012550101 seconds.
                    
      Regenerating: 1 file(s) changed at 2025-08-10 23:02:54
                    jekyll.log
                    ...done in 0.011050579 seconds.
                    
      Regenerating: 1 file(s) changed at 2025-08-10 23:02:54
                    jekyll.log
                    ...done in 0.009929708 seconds.
                    
      Regenerating: 1 file(s) changed at 2025-08-10 23:02:55
                    jekyll.log
                    ...done in 0.014535991 seconds.
                    
      Regenerating: 1 file(s) changed at 2025-08-10 23:02:55
                    jekyll.log
                    ...done in 0.011433801 seconds.
                    
      Regenerating: 1 file(s) changed at 2025-08-10 23:02:55
                    jekyll.log
                    ...done in 0.010369049 seconds.
                    
      Regenerating: 1 file(s) changed at 2025-08-10 23:02:55
                    jekyll.log
                    ...done in 0.010195229 seconds.
                    
      Regenerating: 1 file(s) changed at 2025-08-10 23:02:55
                    jekyll.log
                    ...done in 0.011842393 seconds.
                    
      Regenerating: 1 file(s) changed at 2025-08-10 23:02:55
                    jekyll.log
                    ...done in 0.012911844 seconds.
                    
      Regenerating: 1 file(s) changed at 2025-08-10 23:02:55
                    jekyll.log
                    ...done in 0.011167111 seconds.
                    
      Regenerating: 1 file(s) changed at 2025-08-10 23:02:55
                    jekyll.log
                    ...done in 0.010115739 seconds.
                    
      Regenerating: 1 file(s) changed at 2025-08-10 23:02:55
                    jekyll.log
                    ...done in 0.012843253 seconds.
                    
      Regenerating: 1 file(s) changed at 2025-08-10 23:02:56
                    jekyll.log
                    ...done in 0.014060728 seconds.
                    
      Regenerating: 1 file(s) changed at 2025-08-10 23:02:56
                    jekyll.log
                    ...done in 0.0118463 seconds.
                    
      Regenerating: 1 file(s) changed at 2025-08-10 23:02:56
                    jekyll.log
                    ...done in 0.011942976 seconds.
                    
      Regenerating: 1 file(s) changed at 2025-08-10 23:02:56
                    jekyll.log
                    ...done in 0.011414233 seconds.
                    
      Regenerating: 1 file(s) changed at 2025-08-10 23:02:56
                    jekyll.log
                    ...done in 0.013786023 seconds.
                    
      Regenerating: 1 file(s) changed at 2025-08-10 23:02:56
                    jekyll.log
                    ...done in 0.012929368 seconds.
                    
      Regenerating: 1 file(s) changed at 2025-08-10 23:02:56
                    jekyll.log
                    ...done in 0.008799887 seconds.
                    
      Regenerating: 1 file(s) changed at 2025-08-10 23:02:56
                    jekyll.log
                    ...done in 0.01454403 seconds.
                    
      Regenerating: 1 file(s) changed at 2025-08-10 23:02:56
                    jekyll.log
                    ...done in 0.004671705 seconds.
                    
      Regenerating: 1 file(s) changed at 2025-08-10 23:02:57
                    jekyll.log
                    ...done in 0.013371087 seconds.
                    
      Regenerating: 1 file(s) changed at 2025-08-10 23:02:57
                    jekyll.log
                    ...done in 0.012393605 seconds.
                    
      Regenerating: 1 file(s) changed at 2025-08-10 23:02:57
                    jekyll.log
                    ...done in 0.013685086 seconds.
                    
      Regenerating: 1 file(s) changed at 2025-08-10 23:02:57
                    jekyll.log
                    ...done in 0.015287181 seconds.
                    
      Regenerating: 1 file(s) changed at 2025-08-10 23:02:57
                    jekyll.log
                    ...done in 0.015799812 seconds.
                    
      Regenerating: 1 file(s) changed at 2025-08-10 23:02:57
                    jekyll.log
                    ...done in 0.020468575 seconds.
                    
      Regenerating: 1 file(s) changed at 2025-08-10 23:02:57
                    jekyll.log
                    ...done in 0.011524443 seconds.
                    
      Regenerating: 1 file(s) changed at 2025-08-10 23:02:57
                    jekyll.log
                    ...done in 0.010948437 seconds.
                    
      Regenerating: 1 file(s) changed at 2025-08-10 23:02:57
                    jekyll.log
                    ...done in 0.012096348 seconds.
                    
      Regenerating: 1 file(s) changed at 2025-08-10 23:02:58
                    jekyll.log
                    ...done in 0.015368631 seconds.
                    
      Regenerating: 1 file(s) changed at 2025-08-10 23:02:58
                    jekyll.log
                    ...done in 0.013592318 seconds.
                    
      Regenerating: 1 file(s) changed at 2025-08-10 23:02:58
                    jekyll.log
                    ...done in 0.006953329 seconds.
                    
      Regenerating: 1 file(s) changed at 2025-08-10 23:02:58
                    jekyll.log
                    ...done in 0.013502333 seconds.
                    
      Regenerating: 1 file(s) changed at 2025-08-10 23:02:58
                    jekyll.log
                    ...done in 0.01230148 seconds.
                    
      Regenerating: 1 file(s) changed at 2025-08-10 23:02:58
                    jekyll.log
                    ...done in 0.010857748 seconds.
                    
      Regenerating: 1 file(s) changed at 2025-08-10 23:02:58
                    jekyll.log
                    ...done in 0.01238005 seconds.
                    
      Regenerating: 1 file(s) changed at 2025-08-10 23:02:58
                    jekyll.log
                    ...done in 0.011563423 seconds.
                    
      Regenerating: 1 file(s) changed at 2025-08-10 23:02:58
                    jekyll.log
                    ...done in 0.014172778 seconds.
                    
      Regenerating: 1 file(s) changed at 2025-08-10 23:02:59
                    jekyll.log
                    ...done in 0.016119725 seconds.
                    
      Regenerating: 1 file(s) changed at 2025-08-10 23:02:59
                    jekyll.log
                    ...done in 0.010713508 seconds.
                    
      Regenerating: 1 file(s) changed at 2025-08-10 23:02:59
                    jekyll.log
                    ...done in 0.010894817 seconds.
                    
      Regenerating: 1 file(s) changed at 2025-08-10 23:02:59
                    jekyll.log
                    ...done in 0.011844496 seconds.
                    
      Regenerating: 1 file(s) changed at 2025-08-10 23:02:59
                    jekyll.log
                    ...done in 0.016063535 seconds.
                    
      Regenerating: 1 file(s) changed at 2025-08-10 23:02:59
                    jekyll.log
                    ...done in 0.011433202 seconds.
                    
      Regenerating: 1 file(s) changed at 2025-08-10 23:02:59
                    jekyll.log
                    ...done in 0.011553673 seconds.
                    
      Regenerating: 1 file(s) changed at 2025-08-10 23:02:59
                    jekyll.log
                    ...done in 0.00995246 seconds.
                    
      Regenerating: 1 file(s) changed at 2025-08-10 23:03:00
                    jekyll.log
                    ...done in 0.014201532 seconds.
                    
      Regenerating: 1 file(s) changed at 2025-08-10 23:03:00
                    jekyll.log
                    ...done in 0.012927526 seconds.
                    
      Regenerating: 1 file(s) changed at 2025-08-10 23:03:00
                    jekyll.log
                    ...done in 0.013231986 seconds.
                    
      Regenerating: 1 file(s) changed at 2025-08-10 23:03:00
                    jekyll.log
                    ...done in 0.013388951 seconds.
                    
      Regenerating: 1 file(s) changed at 2025-08-10 23:03:00
                    jekyll.log
                    ...done in 0.010989355 seconds.
                    
      Regenerating: 1 file(s) changed at 2025-08-10 23:03:00
                    jekyll.log
                    ...done in 0.011214413 seconds.
                    
      Regenerating: 1 file(s) changed at 2025-08-10 23:03:00
                    jekyll.log
                    ...done in 0.004740078 seconds.
                    
      Regenerating: 1 file(s) changed at 2025-08-10 23:03:00
                    jekyll.log
                    ...done in 0.007873902 seconds.
                    
      Regenerating: 1 file(s) changed at 2025-08-10 23:03:00
                    jekyll.log
                    ...done in 0.01236776 seconds.
                    
      Regenerating: 1 file(s) changed at 2025-08-10 23:03:01
                    jekyll.log
                    ...done in 0.006886271 seconds.
                    
      Regenerating: 1 file(s) changed at 2025-08-10 23:03:01
                    jekyll.log
                    ...done in 0.010884605 seconds.
                    
      Regenerating: 1 file(s) changed at 2025-08-10 23:03:01
                    jekyll.log
                    ...done in 0.015770743 seconds.
                    
      Regenerating: 1 file(s) changed at 2025-08-10 23:03:01
                    jekyll.log
                    ...done in 0.011751742 seconds.
                    
      Regenerating: 1 file(s) changed at 2025-08-10 23:03:01
                    jekyll.log
                    ...done in 0.015652188 seconds.
                    
      Regenerating: 1 file(s) changed at 2025-08-10 23:03:01
                    jekyll.log
                    ...done in 0.006399273 seconds.
                    
      Regenerating: 1 file(s) changed at 2025-08-10 23:03:01
                    jekyll.log
                    ...done in 0.009723013 seconds.
                    
      Regenerating: 1 file(s) changed at 2025-08-10 23:03:01
                    jekyll.log
                    ...done in 0.011324632 seconds.
                    
      Regenerating: 1 file(s) changed at 2025-08-10 23:03:01
                    jekyll.log
                    ...done in 0.010279816 seconds.
                    
      Regenerating: 1 file(s) changed at 2025-08-10 23:03:02
                    jekyll.log
                    ...done in 0.012353438 seconds.
                    
      Regenerating: 1 file(s) changed at 2025-08-10 23:03:02
                    jekyll.log
                    ...done in 0.011426289 seconds.
                    
      Regenerating: 1 file(s) changed at 2025-08-10 23:03:02
                    jekyll.log
                    ...done in 0.010039397 seconds.
                    
      Regenerating: 1 file(s) changed at 2025-08-10 23:03:02
                    jekyll.log
                    ...done in 0.00929673 seconds.
                    
      Regenerating: 1 file(s) changed at 2025-08-10 23:03:02
                    jekyll.log
                    ...done in 0.014712489 seconds.
                    
      Regenerating: 1 file(s) changed at 2025-08-10 23:03:02
                    jekyll.log
                    ...done in 0.004045251 seconds.
                    
      Regenerating: 1 file(s) changed at 2025-08-10 23:03:02
                    jekyll.log
                    ...done in 0.009641931 seconds.
                    
      Regenerating: 1 file(s) changed at 2025-08-10 23:03:02
                    jekyll.log
                    ...done in 0.010848216 seconds.
                    
      Regenerating: 1 file(s) changed at 2025-08-10 23:03:02
                    jekyll.log
                    ...done in 0.009911644 seconds.
                    
      Regenerating: 1 file(s) changed at 2025-08-10 23:03:03
                    jekyll.log
                    ...done in 0.019888607 seconds.
                    
      Regenerating: 1 file(s) changed at 2025-08-10 23:03:03
                    jekyll.log
                    ...done in 0.012377499 seconds.
                    
      Regenerating: 1 file(s) changed at 2025-08-10 23:03:03
                    jekyll.log
                    ...done in 0.010152186 seconds.
                    
      Regenerating: 1 file(s) changed at 2025-08-10 23:03:03
                    jekyll.log
                    ...done in 0.00474223 seconds.
                    
      Regenerating: 1 file(s) changed at 2025-08-10 23:03:03
                    jekyll.log
                    ...done in 0.009664205 seconds.
                    
      Regenerating: 1 file(s) changed at 2025-08-10 23:03:03
                    jekyll.log
                    ...done in 0.013010218 seconds.
                    
      Regenerating: 1 file(s) changed at 2025-08-10 23:03:03
                    jekyll.log
                    ...done in 0.011228773 seconds.
                    
      Regenerating: 1 file(s) changed at 2025-08-10 23:03:03
                    jekyll.log
                    ...done in 0.010100289 seconds.
                    
      Regenerating: 1 file(s) changed at 2025-08-10 23:03:03
                    jekyll.log
                    ...done in 0.011236418 seconds.
                    
      Regenerating: 1 file(s) changed at 2025-08-10 23:03:04
                    jekyll.log
                    ...done in 0.014571801 seconds.
                    
      Regenerating: 1 file(s) changed at 2025-08-10 23:03:04
                    jekyll.log
                    ...done in 0.013021229 seconds.
                    
      Regenerating: 1 file(s) changed at 2025-08-10 23:03:04
                    jekyll.log
                    ...done in 0.011341909 seconds.
                    
      Regenerating: 1 file(s) changed at 2025-08-10 23:03:04
                    jekyll.log
                    ...done in 0.011286036 seconds.
                    
      Regenerating: 1 file(s) changed at 2025-08-10 23:03:04
                    jekyll.log
                    ...done in 0.011882594 seconds.
                    
      Regenerating: 1 file(s) changed at 2025-08-10 23:03:04
                    jekyll.log
                    ...done in 0.011061835 seconds.
                    
      Regenerating: 1 file(s) changed at 2025-08-10 23:03:04
                    jekyll.log
                    ...done in 0.008527629 seconds.
                    
      Regenerating: 1 file(s) changed at 2025-08-10 23:03:04
                    jekyll.log
                    ...done in 0.007725089 seconds.
                    
      Regenerating: 1 file(s) changed at 2025-08-10 23:03:04
                    jekyll.log
                    ...done in 0.013502614 seconds.
                    
      Regenerating: 1 file(s) changed at 2025-08-10 23:03:05
                    jekyll.log
                    ...done in 0.005437539 seconds.
                    
      Regenerating: 1 file(s) changed at 2025-08-10 23:03:05
                    jekyll.log
                    ...done in 0.015467657 seconds.
                    
      Regenerating: 1 file(s) changed at 2025-08-10 23:03:05
                    jekyll.log
                    ...done in 0.004306953 seconds.
                    
      Regenerating: 1 file(s) changed at 2025-08-10 23:03:05
                    jekyll.log
                    ...done in 0.013153598 seconds.
                    
      Regenerating: 1 file(s) changed at 2025-08-10 23:03:05
                    jekyll.log
                    ...done in 0.003084268 seconds.
                    
      Regenerating: 1 file(s) changed at 2025-08-10 23:03:05
                    jekyll.log
                    ...done in 0.011710806 seconds.
                    
      Regenerating: 1 file(s) changed at 2025-08-10 23:03:05
                    jekyll.log
                    ...done in 0.003222166 seconds.
                    
      Regenerating: 1 file(s) changed at 2025-08-10 23:03:05
                    jekyll.log
                    ...done in 0.003619847 seconds.
                    
      Regenerating: 1 file(s) changed at 2025-08-10 23:03:05
                    jekyll.log
                    ...done in 0.004535182 seconds.
                    
      Regenerating: 1 file(s) changed at 2025-08-10 23:03:06
                    jekyll.log
                    ...done in 0.004422245 seconds.
                    
      Regenerating: 1 file(s) changed at 2025-08-10 23:03:06
                    jekyll.log
                    ...done in 0.00296609 seconds.
                    
      Regenerating: 1 file(s) changed at 2025-08-10 23:03:06
                    jekyll.log
                    ...done in 0.005513628 seconds.
                    
      Regenerating: 1 file(s) changed at 2025-08-10 23:03:06
                    jekyll.log
                    ...done in 0.012656303 seconds.
                    
      Regenerating: 1 file(s) changed at 2025-08-10 23:03:06
                    jekyll.log
                    ...done in 0.011971417 seconds.
                    
      Regenerating: 1 file(s) changed at 2025-08-10 23:03:06
                    jekyll.log
                    ...done in 0.008637001 seconds.
                    
      Regenerating: 1 file(s) changed at 2025-08-10 23:03:06
                    jekyll.log
                    ...done in 0.011831749 seconds.
                    
      Regenerating: 1 file(s) changed at 2025-08-10 23:03:06
                    jekyll.log
                    ...done in 0.012470693 seconds.
                    
      Regenerating: 1 file(s) changed at 2025-08-10 23:03:06
                    jekyll.log
                    ...done in 0.010956684 seconds.
                    
      Regenerating: 1 file(s) changed at 2025-08-10 23:03:07
                    jekyll.log
                    ...done in 0.013144983 seconds.
                    
      Regenerating: 1 file(s) changed at 2025-08-10 23:03:07
                    jekyll.log
                    ...done in 0.011171119 seconds.
                    
      Regenerating: 1 file(s) changed at 2025-08-10 23:03:07
                    jekyll.log
                    ...done in 0.012767832 seconds.
                    
      Regenerating: 1 file(s) changed at 2025-08-10 23:03:07
                    jekyll.log
                    ...done in 0.005059066 seconds.
                    
      Regenerating: 1 file(s) changed at 2025-08-10 23:03:07
                    jekyll.log
                    ...done in 0.012194501 seconds.
                    
      Regenerating: 1 file(s) changed at 2025-08-10 23:03:07
                    jekyll.log
                    ...done in 0.015343268 seconds.
                    
      Regenerating: 1 file(s) changed at 2025-08-10 23:03:07
                    jekyll.log
                    ...done in 0.013366696 seconds.
                    
      Regenerating: 1 file(s) changed at 2025-08-10 23:03:07
                    jekyll.log
                    ...done in 0.011213603 seconds.
                    
      Regenerating: 1 file(s) changed at 2025-08-10 23:03:07
                    jekyll.log
                    ...done in 0.011021779 seconds.
                    
      Regenerating: 1 file(s) changed at 2025-08-10 23:03:08
                    jekyll.log
                    ...done in 0.013895784 seconds.
                    
      Regenerating: 1 file(s) changed at 2025-08-10 23:03:08
                    jekyll.log
                    ...done in 0.011127814 seconds.
                    
      Regenerating: 1 file(s) changed at 2025-08-10 23:03:08
                    jekyll.log
                    ...done in 0.003917615 seconds.
                    
      Regenerating: 1 file(s) changed at 2025-08-10 23:03:08
                    jekyll.log
                    ...done in 0.003138616 seconds.
                    
      Regenerating: 1 file(s) changed at 2025-08-10 23:03:08
                    jekyll.log
                    ...done in 0.00600394 seconds.
                    
      Regenerating: 1 file(s) changed at 2025-08-10 23:03:08
                    jekyll.log
                    ...done in 0.015149442 seconds.
                    
      Regenerating: 1 file(s) changed at 2025-08-10 23:03:08
                    jekyll.log
                    ...done in 0.013436665 seconds.
                    
      Regenerating: 1 file(s) changed at 2025-08-10 23:03:08
                    jekyll.log
                    ...done in 0.007040936 seconds.
                    
      Regenerating: 1 file(s) changed at 2025-08-10 23:03:08
                    jekyll.log
                    ...done in 0.011769713 seconds.
                    
      Regenerating: 1 file(s) changed at 2025-08-10 23:03:09
                    jekyll.log
                    ...done in 0.004689869 seconds.
                    
      Regenerating: 1 file(s) changed at 2025-08-10 23:03:09
                    jekyll.log
                    ...done in 0.005623413 seconds.
                    
      Regenerating: 1 file(s) changed at 2025-08-10 23:03:09
                    jekyll.log
                    ...done in 0.011075225 seconds.
                    
      Regenerating: 1 file(s) changed at 2025-08-10 23:03:09
                    jekyll.log
                    ...done in 0.010237195 seconds.
                    
      Regenerating: 1 file(s) changed at 2025-08-10 23:03:09
                    jekyll.log
                    ...done in 0.010701933 seconds.
                    
      Regenerating: 1 file(s) changed at 2025-08-10 23:03:09
                    jekyll.log
                    ...done in 0.009841822 seconds.
                    
      Regenerating: 1 file(s) changed at 2025-08-10 23:03:09
                    jekyll.log
                    ...done in 0.009741585 seconds.
                    
      Regenerating: 1 file(s) changed at 2025-08-10 23:03:09
                    jekyll.log
                    ...done in 0.007993617 seconds.
                    
      Regenerating: 1 file(s) changed at 2025-08-10 23:03:09
                    jekyll.log
                    ...done in 0.01384002 seconds.
                    
      Regenerating: 1 file(s) changed at 2025-08-10 23:03:10
                    jekyll.log
                    ...done in 0.010397561 seconds.
                    
      Regenerating: 1 file(s) changed at 2025-08-10 23:03:10
                    jekyll.log
                    ...done in 0.013600431 seconds.
                    
      Regenerating: 1 file(s) changed at 2025-08-10 23:03:10
                    jekyll.log
                    ...done in 0.011914143 seconds.
                    
      Regenerating: 1 file(s) changed at 2025-08-10 23:03:10
                    jekyll.log
                    ...done in 0.012633305 seconds.
                    
      Regenerating: 1 file(s) changed at 2025-08-10 23:03:10
                    jekyll.log
                    ...done in 0.013109755 seconds.
                    
      Regenerating: 1 file(s) changed at 2025-08-10 23:03:10
                    jekyll.log
                    ...done in 0.010366936 seconds.
                    
      Regenerating: 1 file(s) changed at 2025-08-10 23:03:10
                    jekyll.log
                    ...done in 0.012968544 seconds.
                    
      Regenerating: 1 file(s) changed at 2025-08-10 23:03:10
                    jekyll.log
                    ...done in 0.009753357 seconds.
                    
      Regenerating: 1 file(s) changed at 2025-08-10 23:03:10
                    jekyll.log
                    ...done in 0.014331166 seconds.
                    
      Regenerating: 1 file(s) changed at 2025-08-10 23:03:11
                    jekyll.log
                    ...done in 0.017066558 seconds.
                    
      Regenerating: 1 file(s) changed at 2025-08-10 23:03:11
                    jekyll.log
                    ...done in 0.011969079 seconds.
                    
      Regenerating: 1 file(s) changed at 2025-08-10 23:03:11
                    jekyll.log
                    ...done in 0.014953195 seconds.
                    
      Regenerating: 1 file(s) changed at 2025-08-10 23:03:11
                    jekyll.log
                    ...done in 0.015277205 seconds.
                    
      Regenerating: 1 file(s) changed at 2025-08-10 23:03:11
                    jekyll.log
                    ...done in 0.010641873 seconds.
                    
      Regenerating: 1 file(s) changed at 2025-08-10 23:03:11
                    jekyll.log
                    ...done in 0.006584957 seconds.
                    
      Regenerating: 1 file(s) changed at 2025-08-10 23:03:11
                    jekyll.log
                    ...done in 0.011180273 seconds.
                    
      Regenerating: 1 file(s) changed at 2025-08-10 23:03:11
                    jekyll.log
                    ...done in 0.009454614 seconds.
                    
      Regenerating: 1 file(s) changed at 2025-08-10 23:03:11
                    jekyll.log
                    ...done in 0.01070521 seconds.
                    
      Regenerating: 1 file(s) changed at 2025-08-10 23:03:12
                    jekyll.log
                    ...done in 0.015388014 seconds.
                    
      Regenerating: 1 file(s) changed at 2025-08-10 23:03:12
                    jekyll.log
                    ...done in 0.005356528 seconds.
                    
      Regenerating: 1 file(s) changed at 2025-08-10 23:03:12
                    jekyll.log
                    ...done in 0.01186708 seconds.
                    
      Regenerating: 1 file(s) changed at 2025-08-10 23:03:12
                    jekyll.log
                    ...done in 0.012251512 seconds.
                    
      Regenerating: 1 file(s) changed at 2025-08-10 23:03:12
                    jekyll.log
                    ...done in 0.014128611 seconds.
                    
      Regenerating: 1 file(s) changed at 2025-08-10 23:03:12
                    jekyll.log
                    ...done in 0.005147113 seconds.
                    
      Regenerating: 1 file(s) changed at 2025-08-10 23:03:12
                    jekyll.log
                    ...done in 0.011980968 seconds.
                    
      Regenerating: 1 file(s) changed at 2025-08-10 23:03:12
                    jekyll.log
                    ...done in 0.012017953 seconds.
                    
      Regenerating: 1 file(s) changed at 2025-08-10 23:03:12
                    jekyll.log
                    ...done in 0.010958174 seconds.
                    
      Regenerating: 1 file(s) changed at 2025-08-10 23:03:13
                    jekyll.log
                    ...done in 0.0118227 seconds.
                    
      Regenerating: 1 file(s) changed at 2025-08-10 23:03:13
                    jekyll.log
                    ...done in 0.013544875 seconds.
                    
      Regenerating: 1 file(s) changed at 2025-08-10 23:03:13
                    jekyll.log
                    ...done in 0.011306044 seconds.
                    
      Regenerating: 1 file(s) changed at 2025-08-10 23:03:13
                    jekyll.log
                    ...done in 0.010994072 seconds.
                    
      Regenerating: 1 file(s) changed at 2025-08-10 23:03:13
                    jekyll.log
                    ...done in 0.011618955 seconds.
                    
      Regenerating: 1 file(s) changed at 2025-08-10 23:03:13
                    jekyll.log
                    ...done in 0.004920491 seconds.
                    
      Regenerating: 1 file(s) changed at 2025-08-10 23:03:13
                    jekyll.log
                    ...done in 0.010594784 seconds.
                    
      Regenerating: 1 file(s) changed at 2025-08-10 23:03:13
                    jekyll.log
                    ...done in 0.011045563 seconds.
                    
      Regenerating: 1 file(s) changed at 2025-08-10 23:03:13
                    jekyll.log
                    ...done in 0.010638048 seconds.
                    
      Regenerating: 1 file(s) changed at 2025-08-10 23:03:14
                    jekyll.log
                    ...done in 0.013377606 seconds.
                    
      Regenerating: 1 file(s) changed at 2025-08-10 23:03:14
                    jekyll.log
                    ...done in 0.015532583 seconds.
                    
      Regenerating: 1 file(s) changed at 2025-08-10 23:03:14
                    jekyll.log
                    ...done in 0.013014531 seconds.
                    
      Regenerating: 1 file(s) changed at 2025-08-10 23:03:14
                    jekyll.log
                    ...done in 0.011869812 seconds.
                    
      Regenerating: 1 file(s) changed at 2025-08-10 23:03:14
                    jekyll.log
                    ...done in 0.01259207 seconds.
                    
      Regenerating: 1 file(s) changed at 2025-08-10 23:03:14
                    jekyll.log
                    ...done in 0.005302972 seconds.
                    
      Regenerating: 1 file(s) changed at 2025-08-10 23:03:14
                    jekyll.log
                    ...done in 0.021416737 seconds.
                    
      Regenerating: 1 file(s) changed at 2025-08-10 23:03:14
                    jekyll.log
                    ...done in 0.012961753 seconds.
                    
      Regenerating: 1 file(s) changed at 2025-08-10 23:03:14
                    jekyll.log
                    ...done in 0.011529094 seconds.
                    
      Regenerating: 1 file(s) changed at 2025-08-10 23:03:15
                    jekyll.log
                    ...done in 0.012684286 seconds.
                    
      Regenerating: 1 file(s) changed at 2025-08-10 23:03:15
                    jekyll.log
                    ...done in 0.0100131 seconds.
                    
      Regenerating: 1 file(s) changed at 2025-08-10 23:03:15
                    jekyll.log
                    ...done in 0.009397345 seconds.
                    
      Regenerating: 1 file(s) changed at 2025-08-10 23:03:15
                    jekyll.log
                    ...done in 0.012129617 seconds.
                    
      Regenerating: 1 file(s) changed at 2025-08-10 23:03:15
                    jekyll.log
                    ...done in 0.003157221 seconds.
                    
      Regenerating: 1 file(s) changed at 2025-08-10 23:03:15
                    jekyll.log
                    ...done in 0.01331279 seconds.
                    
      Regenerating: 1 file(s) changed at 2025-08-10 23:03:15
                    jekyll.log
                    ...done in 0.011855702 seconds.
                    
      Regenerating: 1 file(s) changed at 2025-08-10 23:03:15
                    jekyll.log
                    ...done in 0.010869662 seconds.
                    
      Regenerating: 1 file(s) changed at 2025-08-10 23:03:15
                    jekyll.log
                    ...done in 0.012142596 seconds.
                    
      Regenerating: 1 file(s) changed at 2025-08-10 23:03:16
                    jekyll.log
                    ...done in 0.014112271 seconds.
                    
      Regenerating: 1 file(s) changed at 2025-08-10 23:03:16
                    jekyll.log
                    ...done in 0.012079288 seconds.
                    
      Regenerating: 1 file(s) changed at 2025-08-10 23:03:16
                    jekyll.log
                    ...done in 0.011258849 seconds.
                    
      Regenerating: 1 file(s) changed at 2025-08-10 23:03:16
                    jekyll.log
                    ...done in 0.014050086 seconds.
                    
      Regenerating: 1 file(s) changed at 2025-08-10 23:03:16
                    jekyll.log
                    ...done in 0.013636993 seconds.
                    
      Regenerating: 1 file(s) changed at 2025-08-10 23:03:16
                    jekyll.log
                    ...done in 0.012405769 seconds.
                    
      Regenerating: 1 file(s) changed at 2025-08-10 23:03:16
                    jekyll.log
                    ...done in 0.009545398 seconds.
                    
      Regenerating: 1 file(s) changed at 2025-08-10 23:03:16
                    jekyll.log
                    ...done in 0.011802569 seconds.
                    
      Regenerating: 1 file(s) changed at 2025-08-10 23:03:17
                    jekyll.log
                    ...done in 0.014018064 seconds.
                    
      Regenerating: 1 file(s) changed at 2025-08-10 23:03:17
                    jekyll.log
                    ...done in 0.013130833 seconds.
                    
      Regenerating: 1 file(s) changed at 2025-08-10 23:03:17
                    jekyll.log
                    ...done in 0.012355774 seconds.
                    
      Regenerating: 1 file(s) changed at 2025-08-10 23:03:17
                    jekyll.log
                    ...done in 0.007778464 seconds.
                    
      Regenerating: 1 file(s) changed at 2025-08-10 23:03:17
                    jekyll.log
                    ...done in 0.011960551 seconds.
                    
      Regenerating: 1 file(s) changed at 2025-08-10 23:03:17
                    jekyll.log
                    ...done in 0.012775118 seconds.
                    
      Regenerating: 1 file(s) changed at 2025-08-10 23:03:17
                    jekyll.log
                    ...done in 0.012615068 seconds.
                    
      Regenerating: 1 file(s) changed at 2025-08-10 23:03:17
                    jekyll.log
                    ...done in 0.009842725 seconds.
                    
      Regenerating: 1 file(s) changed at 2025-08-10 23:03:17
                    jekyll.log
                    ...done in 0.010837085 seconds.
                    
      Regenerating: 1 file(s) changed at 2025-08-10 23:03:18
                    jekyll.log
                    ...done in 0.016361879 seconds.
                    
      Regenerating: 1 file(s) changed at 2025-08-10 23:03:18
                    jekyll.log
                    ...done in 0.012697006 seconds.
                    
      Regenerating: 1 file(s) changed at 2025-08-10 23:03:18
                    jekyll.log
                    ...done in 0.011009233 seconds.
                    
      Regenerating: 1 file(s) changed at 2025-08-10 23:03:18
                    jekyll.log
                    ...done in 0.009601365 seconds.
                    
      Regenerating: 1 file(s) changed at 2025-08-10 23:03:18
                    jekyll.log
                    ...done in 0.012284319 seconds.
                    
      Regenerating: 1 file(s) changed at 2025-08-10 23:03:18
                    jekyll.log
                    ...done in 0.011833186 seconds.
                    
      Regenerating: 1 file(s) changed at 2025-08-10 23:03:18
                    jekyll.log
                    ...done in 0.010365634 seconds.
                    
      Regenerating: 1 file(s) changed at 2025-08-10 23:03:18
                    jekyll.log
                    ...done in 0.008724988 seconds.
                    
      Regenerating: 1 file(s) changed at 2025-08-10 23:03:18
                    jekyll.log
                    ...done in 0.013257441 seconds.
                    
      Regenerating: 1 file(s) changed at 2025-08-10 23:03:19
                    jekyll.log
                    ...done in 0.013411788 seconds.
                    
      Regenerating: 1 file(s) changed at 2025-08-10 23:03:19
                    jekyll.log
                    ...done in 0.009818895 seconds.
                    
      Regenerating: 1 file(s) changed at 2025-08-10 23:03:19
                    jekyll.log
                    ...done in 0.011375847 seconds.
                    
      Regenerating: 1 file(s) changed at 2025-08-10 23:03:19
                    jekyll.log
                    ...done in 0.008503022 seconds.
                    
      Regenerating: 1 file(s) changed at 2025-08-10 23:03:19
                    jekyll.log
                    ...done in 0.009832268 seconds.
                    
      Regenerating: 1 file(s) changed at 2025-08-10 23:03:19
                    jekyll.log
                    ...done in 0.013189828 seconds.
                    
      Regenerating: 1 file(s) changed at 2025-08-10 23:03:19
                    jekyll.log
                    ...done in 0.003692427 seconds.
                    
      Regenerating: 1 file(s) changed at 2025-08-10 23:03:19
                    jekyll.log
                    ...done in 0.003765097 seconds.
                    
      Regenerating: 1 file(s) changed at 2025-08-10 23:03:19
                    jekyll.log
                    ...done in 0.002864839 seconds.
                    
      Regenerating: 1 file(s) changed at 2025-08-10 23:03:20
                    jekyll.log
                    ...done in 0.014636755 seconds.
                    
      Regenerating: 1 file(s) changed at 2025-08-10 23:03:20
                    jekyll.log
                    ...done in 0.005284396 seconds.
                    
      Regenerating: 1 file(s) changed at 2025-08-10 23:03:20
                    jekyll.log
                    ...done in 0.009836878 seconds.
                    
      Regenerating: 1 file(s) changed at 2025-08-10 23:03:20
                    jekyll.log
                    ...done in 0.011393458 seconds.
                    
      Regenerating: 1 file(s) changed at 2025-08-10 23:03:20
                    jekyll.log
                    ...done in 0.010388745 seconds.
                    
      Regenerating: 1 file(s) changed at 2025-08-10 23:03:20
                    jekyll.log
                    ...done in 0.006355584 seconds.
                    
      Regenerating: 1 file(s) changed at 2025-08-10 23:03:20
                    jekyll.log
                    ...done in 0.009676474 seconds.
                    
      Regenerating: 1 file(s) changed at 2025-08-10 23:03:20
                    jekyll.log
                    ...done in 0.008041455 seconds.
                    
      Regenerating: 1 file(s) changed at 2025-08-10 23:03:20
                    jekyll.log
                    ...done in 0.011076944 seconds.
                    
      Regenerating: 1 file(s) changed at 2025-08-10 23:03:21
                    jekyll.log
                    ...done in 0.012419335 seconds.
                    
      Regenerating: 1 file(s) changed at 2025-08-10 23:03:21
                    jekyll.log
                    ...done in 0.011005296 seconds.
                    
      Regenerating: 1 file(s) changed at 2025-08-10 23:03:21
                    jekyll.log
                    ...done in 0.007595765 seconds.
                    
      Regenerating: 1 file(s) changed at 2025-08-10 23:03:21
                    jekyll.log
                    ...done in 0.006715951 seconds.
                    
      Regenerating: 1 file(s) changed at 2025-08-10 23:03:21
                    jekyll.log
                    ...done in 0.015133384 seconds.
                    
      Regenerating: 1 file(s) changed at 2025-08-10 23:03:21
                    jekyll.log
                    ...done in 0.007034726 seconds.
                    
      Regenerating: 1 file(s) changed at 2025-08-10 23:03:21
                    jekyll.log
                    ...done in 0.012887835 seconds.
                    
      Regenerating: 1 file(s) changed at 2025-08-10 23:03:21
                    jekyll.log
                    ...done in 0.012628659 seconds.
                    
      Regenerating: 1 file(s) changed at 2025-08-10 23:03:21
                    jekyll.log
                    ...done in 0.010575193 seconds.
                    
      Regenerating: 1 file(s) changed at 2025-08-10 23:03:22
                    jekyll.log
                    ...done in 0.011749864 seconds.
                    
      Regenerating: 1 file(s) changed at 2025-08-10 23:03:22
                    jekyll.log
                    ...done in 0.012363499 seconds.
                    
      Regenerating: 1 file(s) changed at 2025-08-10 23:03:22
                    jekyll.log
                    ...done in 0.01086518 seconds.
                    
      Regenerating: 1 file(s) changed at 2025-08-10 23:03:22
                    jekyll.log
                    ...done in 0.010348399 seconds.
                    
      Regenerating: 1 file(s) changed at 2025-08-10 23:03:22
                    jekyll.log
                    ...done in 0.011843645 seconds.
                    
      Regenerating: 1 file(s) changed at 2025-08-10 23:03:22
                    jekyll.log
                    ...done in 0.010521091 seconds.
                    
      Regenerating: 1 file(s) changed at 2025-08-10 23:03:22
                    jekyll.log
                    ...done in 0.011539034 seconds.
                    
      Regenerating: 1 file(s) changed at 2025-08-10 23:03:22
                    jekyll.log
                    ...done in 0.01173172 seconds.
                    
      Regenerating: 1 file(s) changed at 2025-08-10 23:03:22
                    jekyll.log
                    ...done in 0.014505253 seconds.
                    
      Regenerating: 1 file(s) changed at 2025-08-10 23:03:23
                    jekyll.log
                    ...done in 0.012799751 seconds.
                    
      Regenerating: 1 file(s) changed at 2025-08-10 23:03:23
                    jekyll.log
                    ...done in 0.008559439 seconds.
                    
      Regenerating: 1 file(s) changed at 2025-08-10 23:03:23
                    jekyll.log
                    ...done in 0.011775974 seconds.
                    
      Regenerating: 1 file(s) changed at 2025-08-10 23:03:23
                    jekyll.log
                    ...done in 0.010294091 seconds.
                    
      Regenerating: 1 file(s) changed at 2025-08-10 23:03:23
                    jekyll.log
                    ...done in 0.005947174 seconds.
                    
      Regenerating: 1 file(s) changed at 2025-08-10 23:03:23
                    jekyll.log
                    ...done in 0.005058876 seconds.
                    
      Regenerating: 1 file(s) changed at 2025-08-10 23:03:23
                    jekyll.log
                    ...done in 0.002667126 seconds.
                    
      Regenerating: 1 file(s) changed at 2025-08-10 23:03:23
                    jekyll.log
                    ...done in 0.002586038 seconds.
                    
      Regenerating: 1 file(s) changed at 2025-08-10 23:03:23
                    jekyll.log
                    ...done in 0.003006389 seconds.
                    
      Regenerating: 1 file(s) changed at 2025-08-10 23:03:24
                    jekyll.log
                    ...done in 0.00325111 seconds.
                    
      Regenerating: 1 file(s) changed at 2025-08-10 23:03:24
                    jekyll.log
                    ...done in 0.002710845 seconds.
                    
      Regenerating: 1 file(s) changed at 2025-08-10 23:03:24
                    jekyll.log
                    ...done in 0.002790224 seconds.
                    
      Regenerating: 1 file(s) changed at 2025-08-10 23:03:24
                    jekyll.log
                    ...done in 0.005277603 seconds.
                    
      Regenerating: 1 file(s) changed at 2025-08-10 23:03:24
                    jekyll.log
                    ...done in 0.003406569 seconds.
                    
      Regenerating: 1 file(s) changed at 2025-08-10 23:03:24
                    jekyll.log
                    ...done in 0.002516767 seconds.
                    
      Regenerating: 1 file(s) changed at 2025-08-10 23:03:24
                    jekyll.log
                    ...done in 0.002622227 seconds.
                    
      Regenerating: 1 file(s) changed at 2025-08-10 23:03:24
                    jekyll.log
                    ...done in 0.002641091 seconds.
                    
      Regenerating: 1 file(s) changed at 2025-08-10 23:03:24
                    jekyll.log
                    ...done in 0.002614906 seconds.
                    
      Regenerating: 1 file(s) changed at 2025-08-10 23:03:24
                    jekyll.log
                    ...done in 0.003723233 seconds.
                    
      Regenerating: 1 file(s) changed at 2025-08-10 23:03:25
                    jekyll.log
                    ...done in 0.003327551 seconds.
                    
      Regenerating: 1 file(s) changed at 2025-08-10 23:03:25
                    jekyll.log
                    ...done in 0.003017732 seconds.
                    
      Regenerating: 1 file(s) changed at 2025-08-10 23:03:25
                    jekyll.log
                    ...done in 0.004976614 seconds.
                    
      Regenerating: 1 file(s) changed at 2025-08-10 23:03:25
                    jekyll.log
                    ...done in 0.006031031 seconds.
                    
      Regenerating: 1 file(s) changed at 2025-08-10 23:03:25
                    jekyll.log
                    ...done in 0.009267246 seconds.
                    
      Regenerating: 1 file(s) changed at 2025-08-10 23:03:25
                    jekyll.log
                    ...done in 0.011314302 seconds.
                    
      Regenerating: 1 file(s) changed at 2025-08-10 23:03:25
                    jekyll.log
                    ...done in 0.011879202 seconds.
                    
      Regenerating: 1 file(s) changed at 2025-08-10 23:03:25
                    jekyll.log
                    ...done in 0.009998106 seconds.
                    
      Regenerating: 1 file(s) changed at 2025-08-10 23:03:25
                    jekyll.log
                    ...done in 0.003021608 seconds.
                    
      Regenerating: 1 file(s) changed at 2025-08-10 23:03:26
                    jekyll.log
                    ...done in 0.003316302 seconds.
                    
      Regenerating: 1 file(s) changed at 2025-08-10 23:03:26
                    jekyll.log
                    ...done in 0.002738992 seconds.
                    
      Regenerating: 1 file(s) changed at 2025-08-10 23:03:26
                    jekyll.log
                    ...done in 0.010601635 seconds.
                    
      Regenerating: 1 file(s) changed at 2025-08-10 23:03:26
                    jekyll.log
                    ...done in 0.011649497 seconds.
                    
      Regenerating: 1 file(s) changed at 2025-08-10 23:03:26
                    jekyll.log
                    ...done in 0.01198032 seconds.
                    
      Regenerating: 1 file(s) changed at 2025-08-10 23:03:26
                    jekyll.log
                    ...done in 0.008584666 seconds.
                    
      Regenerating: 1 file(s) changed at 2025-08-10 23:03:26
                    jekyll.log
                    ...done in 0.011011318 seconds.
                    
      Regenerating: 1 file(s) changed at 2025-08-10 23:03:26
                    jekyll.log
                    ...done in 0.01124701 seconds.
                    
      Regenerating: 1 file(s) changed at 2025-08-10 23:03:26
                    jekyll.log
                    ...done in 0.010682365 seconds.
                    
      Regenerating: 1 file(s) changed at 2025-08-10 23:03:26
                    jekyll.log
                    ...done in 0.013256681 seconds.
                    
      Regenerating: 1 file(s) changed at 2025-08-10 23:03:27
                    jekyll.log
                    ...done in 0.013589984 seconds.
                    
      Regenerating: 1 file(s) changed at 2025-08-10 23:03:27
                    jekyll.log
                    ...done in 0.010690817 seconds.
                    
      Regenerating: 1 file(s) changed at 2025-08-10 23:03:27
                    jekyll.log
                    ...done in 0.008085782 seconds.
                    
      Regenerating: 1 file(s) changed at 2025-08-10 23:03:27
                    jekyll.log
                    ...done in 0.01149002 seconds.
                    
      Regenerating: 1 file(s) changed at 2025-08-10 23:03:27
                    jekyll.log
                    ...done in 0.01214979 seconds.
                    
      Regenerating: 1 file(s) changed at 2025-08-10 23:03:27
                    jekyll.log
                    ...done in 0.015599575 seconds.
                    
      Regenerating: 1 file(s) changed at 2025-08-10 23:03:27
                    jekyll.log
                    ...done in 0.013456902 seconds.
                    
      Regenerating: 1 file(s) changed at 2025-08-10 23:03:27
                    jekyll.log
                    ...done in 0.014598754 seconds.
                    
      Regenerating: 1 file(s) changed at 2025-08-10 23:03:28
                    jekyll.log
                    ...done in 0.009065765 seconds.
                    
      Regenerating: 1 file(s) changed at 2025-08-10 23:03:28
                    jekyll.log
                    ...done in 0.011454861 seconds.
                    
      Regenerating: 1 file(s) changed at 2025-08-10 23:03:28
                    jekyll.log
                    ...done in 0.01217657 seconds.
                    
      Regenerating: 1 file(s) changed at 2025-08-10 23:03:28
                    jekyll.log
                    ...done in 0.01291305 seconds.
                    
      Regenerating: 1 file(s) changed at 2025-08-10 23:03:28
                    jekyll.log
                    ...done in 0.011859436 seconds.
                    
      Regenerating: 1 file(s) changed at 2025-08-10 23:03:28
                    jekyll.log
                    ...done in 0.010768461 seconds.
                    
      Regenerating: 1 file(s) changed at 2025-08-10 23:03:28
                    jekyll.log
                    ...done in 0.013418195 seconds.
                    
      Regenerating: 1 file(s) changed at 2025-08-10 23:03:28
                    jekyll.log
                    ...done in 0.014905127 seconds.
                    
      Regenerating: 1 file(s) changed at 2025-08-10 23:03:28
                    jekyll.log
                    ...done in 0.015691162 seconds.
                    
      Regenerating: 1 file(s) changed at 2025-08-10 23:03:29
                    jekyll.log
                    ...done in 0.015678035 seconds.
                    
      Regenerating: 1 file(s) changed at 2025-08-10 23:03:29
                    jekyll.log
                    ...done in 0.012390732 seconds.
                    
      Regenerating: 1 file(s) changed at 2025-08-10 23:03:29
                    jekyll.log
                    ...done in 0.008653238 seconds.
                    
      Regenerating: 1 file(s) changed at 2025-08-10 23:03:29
                    jekyll.log
                    ...done in 0.011481183 seconds.
                    
      Regenerating: 1 file(s) changed at 2025-08-10 23:03:29
                    jekyll.log
                    ...done in 0.01173074 seconds.
                    
      Regenerating: 1 file(s) changed at 2025-08-10 23:03:29
                    jekyll.log
                    ...done in 0.011923324 seconds.
                    
      Regenerating: 1 file(s) changed at 2025-08-10 23:03:29
                    jekyll.log
                    ...done in 0.008931134 seconds.
                    
      Regenerating: 1 file(s) changed at 2025-08-10 23:03:29
                    jekyll.log
                    ...done in 0.010709 seconds.
                    
      Regenerating: 1 file(s) changed at 2025-08-10 23:03:29
                    jekyll.log
                    ...done in 0.012650239 seconds.
                    
      Regenerating: 1 file(s) changed at 2025-08-10 23:03:30
                    jekyll.log
                    ...done in 0.013938556 seconds.
                    
      Regenerating: 1 file(s) changed at 2025-08-10 23:03:30
                    jekyll.log
                    ...done in 0.009971338 seconds.
                    
      Regenerating: 1 file(s) changed at 2025-08-10 23:03:30
                    jekyll.log
                    ...done in 0.009304249 seconds.
                    
      Regenerating: 1 file(s) changed at 2025-08-10 23:03:30
                    jekyll.log
                    ...done in 0.011696023 seconds.
                    
      Regenerating: 1 file(s) changed at 2025-08-10 23:03:30
                    jekyll.log
                    ...done in 0.010881017 seconds.
                    
      Regenerating: 1 file(s) changed at 2025-08-10 23:03:30
                    jekyll.log
                    ...done in 0.011148729 seconds.
                    
      Regenerating: 1 file(s) changed at 2025-08-10 23:03:30
                    jekyll.log
                    ...done in 0.013515955 seconds.
                    
      Regenerating: 1 file(s) changed at 2025-08-10 23:03:30
                    jekyll.log
                    ...done in 0.014128841 seconds.
                    
      Regenerating: 1 file(s) changed at 2025-08-10 23:03:30
                    jekyll.log
                    ...done in 0.00917083 seconds.
                    
      Regenerating: 1 file(s) changed at 2025-08-10 23:03:31
                    jekyll.log
                    ...done in 0.012359249 seconds.
                    
      Regenerating: 1 file(s) changed at 2025-08-10 23:03:31
                    jekyll.log
                    ...done in 0.013741921 seconds.
                    
      Regenerating: 1 file(s) changed at 2025-08-10 23:03:31
                    jekyll.log
                    ...done in 0.01121852 seconds.
                    
      Regenerating: 1 file(s) changed at 2025-08-10 23:03:31
                    jekyll.log
                    ...done in 0.013209887 seconds.
                    
      Regenerating: 1 file(s) changed at 2025-08-10 23:03:31
                    jekyll.log
                    ...done in 0.012355304 seconds.
                    
      Regenerating: 1 file(s) changed at 2025-08-10 23:03:31
                    jekyll.log
                    ...done in 0.00726093 seconds.
                    
      Regenerating: 1 file(s) changed at 2025-08-10 23:03:31
                    jekyll.log
                    ...done in 0.012861962 seconds.
                    
      Regenerating: 1 file(s) changed at 2025-08-10 23:03:31
                    jekyll.log
                    ...done in 0.012404901 seconds.
                    
      Regenerating: 1 file(s) changed at 2025-08-10 23:03:31
                    jekyll.log
                    ...done in 0.011258833 seconds.
                    
      Regenerating: 1 file(s) changed at 2025-08-10 23:03:32
                    jekyll.log
                    ...done in 0.012390116 seconds.
                    
      Regenerating: 1 file(s) changed at 2025-08-10 23:03:32
                    jekyll.log
                    ...done in 0.011056249 seconds.
                    
      Regenerating: 1 file(s) changed at 2025-08-10 23:03:32
                    jekyll.log
                    ...done in 0.013550746 seconds.
                    
      Regenerating: 1 file(s) changed at 2025-08-10 23:03:32
                    jekyll.log
                    ...done in 0.01222237 seconds.
                    
      Regenerating: 1 file(s) changed at 2025-08-10 23:03:32
                    jekyll.log
                    ...done in 0.011835692 seconds.
                    
      Regenerating: 1 file(s) changed at 2025-08-10 23:03:32
                    jekyll.log
                    ...done in 0.011940468 seconds.
                    
      Regenerating: 1 file(s) changed at 2025-08-10 23:03:32
                    jekyll.log
                    ...done in 0.010219236 seconds.
                    
      Regenerating: 1 file(s) changed at 2025-08-10 23:03:32
                    jekyll.log
                    ...done in 0.012830875 seconds.
                    
      Regenerating: 1 file(s) changed at 2025-08-10 23:03:32
                    jekyll.log
                    ...done in 0.01253019 seconds.
                    
      Regenerating: 1 file(s) changed at 2025-08-10 23:03:33
                    jekyll.log
                    ...done in 0.013014392 seconds.
                    
      Regenerating: 1 file(s) changed at 2025-08-10 23:03:33
                    jekyll.log
                    ...done in 0.009374552 seconds.
                    
      Regenerating: 1 file(s) changed at 2025-08-10 23:03:33
                    jekyll.log
                    ...done in 0.011979393 seconds.
                    
      Regenerating: 1 file(s) changed at 2025-08-10 23:03:33
                    jekyll.log
                    ...done in 0.010463298 seconds.
                    
      Regenerating: 1 file(s) changed at 2025-08-10 23:03:33
                    jekyll.log
                    ...done in 0.00958065 seconds.
                    
      Regenerating: 1 file(s) changed at 2025-08-10 23:03:33
                    jekyll.log
                    ...done in 0.011708952 seconds.
                    
      Regenerating: 1 file(s) changed at 2025-08-10 23:03:33
                    jekyll.log
                    ...done in 0.009221233 seconds.
                    
      Regenerating: 1 file(s) changed at 2025-08-10 23:03:33
                    jekyll.log
                    ...done in 0.00961998 seconds.
                    
      Regenerating: 1 file(s) changed at 2025-08-10 23:03:34
                    jekyll.log
                    ...done in 0.013810173 seconds.
                    
      Regenerating: 1 file(s) changed at 2025-08-10 23:03:34
                    jekyll.log
                    ...done in 0.012056961 seconds.
                    
      Regenerating: 1 file(s) changed at 2025-08-10 23:03:34
                    jekyll.log
                    ...done in 0.003752649 seconds.
                    
      Regenerating: 1 file(s) changed at 2025-08-10 23:03:34
                    jekyll.log
                    ...done in 0.014797079 seconds.
                    
      Regenerating: 1 file(s) changed at 2025-08-10 23:03:34
                    jekyll.log
                    ...done in 0.011589498 seconds.
                    
      Regenerating: 1 file(s) changed at 2025-08-10 23:03:34
                    jekyll.log
                    ...done in 0.008375214 seconds.
                    
      Regenerating: 1 file(s) changed at 2025-08-10 23:03:34
                    jekyll.log
                    ...done in 0.010389985 seconds.
                    
      Regenerating: 1 file(s) changed at 2025-08-10 23:03:34
                    jekyll.log
                    ...done in 0.003658343 seconds.
                    
      Regenerating: 1 file(s) changed at 2025-08-10 23:03:34
                    jekyll.log
                    ...done in 0.010415693 seconds.
                    
      Regenerating: 1 file(s) changed at 2025-08-10 23:03:34
                    jekyll.log
                    ...done in 0.01473533 seconds.
                    
      Regenerating: 1 file(s) changed at 2025-08-10 23:03:35
                    jekyll.log
                    ...done in 0.018199726 seconds.
                    
      Regenerating: 1 file(s) changed at 2025-08-10 23:03:35
                    jekyll.log
                    ...done in 0.011801457 seconds.
                    
      Regenerating: 1 file(s) changed at 2025-08-10 23:03:35
                    jekyll.log
                    ...done in 0.01217056 seconds.
                    
      Regenerating: 1 file(s) changed at 2025-08-10 23:03:35
                    jekyll.log
                    ...done in 0.006310401 seconds.
                    
      Regenerating: 1 file(s) changed at 2025-08-10 23:03:35
                    jekyll.log
                    ...done in 0.013685981 seconds.
                    
      Regenerating: 1 file(s) changed at 2025-08-10 23:03:35
                    jekyll.log
                    ...done in 0.006280759 seconds.
                    
      Regenerating: 1 file(s) changed at 2025-08-10 23:03:35
                    jekyll.log
                    ...done in 0.013569897 seconds.
                    
      Regenerating: 1 file(s) changed at 2025-08-10 23:03:35
                    jekyll.log
                    ...done in 0.010405906 seconds.
                    
      Regenerating: 1 file(s) changed at 2025-08-10 23:03:36
                    jekyll.log
                    ...done in 0.014490218 seconds.
                    
      Regenerating: 1 file(s) changed at 2025-08-10 23:03:36
                    jekyll.log
                    ...done in 0.013231577 seconds.
                    
      Regenerating: 1 file(s) changed at 2025-08-10 23:03:36
                    jekyll.log
                    ...done in 0.003859352 seconds.
                    
      Regenerating: 1 file(s) changed at 2025-08-10 23:03:36
                    jekyll.log
                    ...done in 0.003066808 seconds.
                    
      Regenerating: 1 file(s) changed at 2025-08-10 23:03:36
                    jekyll.log
                    ...done in 0.013814459 seconds.
                    
      Regenerating: 1 file(s) changed at 2025-08-10 23:03:36
                    jekyll.log
                    ...done in 0.009145459 seconds.
                    
      Regenerating: 1 file(s) changed at 2025-08-10 23:03:36
                    jekyll.log
                    ...done in 0.011882366 seconds.
                    
      Regenerating: 1 file(s) changed at 2025-08-10 23:03:36
                    jekyll.log
                    ...done in 0.011315312 seconds.
                    
      Regenerating: 1 file(s) changed at 2025-08-10 23:03:36
                    jekyll.log
                    ...done in 0.002895543 seconds.
                    
      Regenerating: 1 file(s) changed at 2025-08-10 23:03:37
                    jekyll.log
                    ...done in 0.012600871 seconds.
                    
      Regenerating: 1 file(s) changed at 2025-08-10 23:03:37
                    jekyll.log
                    ...done in 0.003972594 seconds.
                    
      Regenerating: 1 file(s) changed at 2025-08-10 23:03:37
                    jekyll.log
                    ...done in 0.011297834 seconds.
                    
      Regenerating: 1 file(s) changed at 2025-08-10 23:03:37
                    jekyll.log
                    ...done in 0.011293365 seconds.
                    
      Regenerating: 1 file(s) changed at 2025-08-10 23:03:37
                    jekyll.log
                    ...done in 0.009749915 seconds.
                    
      Regenerating: 1 file(s) changed at 2025-08-10 23:03:37
                    jekyll.log
                    ...done in 0.012794907 seconds.
                    
      Regenerating: 1 file(s) changed at 2025-08-10 23:03:37
                    jekyll.log
                    ...done in 0.008716193 seconds.
                    
      Regenerating: 1 file(s) changed at 2025-08-10 23:03:37
                    jekyll.log
                    ...done in 0.00938549 seconds.
                    
      Regenerating: 1 file(s) changed at 2025-08-10 23:03:37
                    jekyll.log
                    ...done in 0.007335396 seconds.
                    
      Regenerating: 1 file(s) changed at 2025-08-10 23:03:38
                    jekyll.log
                    ...done in 0.011848177 seconds.
                    
      Regenerating: 1 file(s) changed at 2025-08-10 23:03:38
                    jekyll.log
                    ...done in 0.003520066 seconds.
                    
      Regenerating: 1 file(s) changed at 2025-08-10 23:03:38
                    jekyll.log
                    ...done in 0.009954098 seconds.
                    
      Regenerating: 1 file(s) changed at 2025-08-10 23:03:38
                    jekyll.log
                    ...done in 0.014489735 seconds.
                    
      Regenerating: 1 file(s) changed at 2025-08-10 23:03:38
                    jekyll.log
                    ...done in 0.022732557 seconds.
                    
      Regenerating: 1 file(s) changed at 2025-08-10 23:03:38
                    jekyll.log
                    ...done in 0.022935407 seconds.
                    
      Regenerating: 1 file(s) changed at 2025-08-10 23:03:38
                    jekyll.log
                    ...done in 0.006849183 seconds.
                    
      Regenerating: 1 file(s) changed at 2025-08-10 23:03:38
                    jekyll.log
                    ...done in 0.013682171 seconds.
                    
      Regenerating: 1 file(s) changed at 2025-08-10 23:03:38
                    jekyll.log
                    ...done in 0.011027396 seconds.
                    
      Regenerating: 1 file(s) changed at 2025-08-10 23:03:39
                    jekyll.log
                    ...done in 0.014494992 seconds.
                    
      Regenerating: 1 file(s) changed at 2025-08-10 23:03:39
                    jekyll.log
                    ...done in 0.013819265 seconds.
                    
      Regenerating: 1 file(s) changed at 2025-08-10 23:03:39
                    jekyll.log
                    ...done in 0.014103512 seconds.
                    
      Regenerating: 1 file(s) changed at 2025-08-10 23:03:39
                    jekyll.log
                    ...done in 0.012255799 seconds.
                    
      Regenerating: 1 file(s) changed at 2025-08-10 23:03:39
                    jekyll.log
                    ...done in 0.010109691 seconds.
                    
      Regenerating: 1 file(s) changed at 2025-08-10 23:03:39
                    jekyll.log
                    ...done in 0.011131409 seconds.
                    
      Regenerating: 1 file(s) changed at 2025-08-10 23:03:39
                    jekyll.log
                    ...done in 0.011739809 seconds.
                    
      Regenerating: 1 file(s) changed at 2025-08-10 23:03:39
                    jekyll.log
                    ...done in 0.008683871 seconds.
                    
      Regenerating: 1 file(s) changed at 2025-08-10 23:03:39
                    jekyll.log
                    ...done in 0.009592464 seconds.
                    
      Regenerating: 1 file(s) changed at 2025-08-10 23:03:40
                    jekyll.log
                    ...done in 0.01848204 seconds.
                    
      Regenerating: 1 file(s) changed at 2025-08-10 23:03:40
                    jekyll.log
                    ...done in 0.008813951 seconds.
                    
      Regenerating: 1 file(s) changed at 2025-08-10 23:03:40
                    jekyll.log
                    ...done in 0.005171381 seconds.
                    
      Regenerating: 1 file(s) changed at 2025-08-10 23:03:40
                    jekyll.log
                    ...done in 0.00958391 seconds.
                    
      Regenerating: 1 file(s) changed at 2025-08-10 23:03:40
                    jekyll.log
                    ...done in 0.009598472 seconds.
                    
      Regenerating: 1 file(s) changed at 2025-08-10 23:03:40
                    jekyll.log
                    ...done in 0.011676518 seconds.
                    
      Regenerating: 1 file(s) changed at 2025-08-10 23:03:40
                    jekyll.log
                    ...done in 0.013826471 seconds.
                    
      Regenerating: 1 file(s) changed at 2025-08-10 23:03:40
                    jekyll.log
                    ...done in 0.011497132 seconds.
                    
      Regenerating: 1 file(s) changed at 2025-08-10 23:03:40
                    jekyll.log
                    ...done in 0.010756431 seconds.
                    
      Regenerating: 1 file(s) changed at 2025-08-10 23:03:41
                    jekyll.log
                    ...done in 0.013701261 seconds.
                    
      Regenerating: 1 file(s) changed at 2025-08-10 23:03:41
                    jekyll.log
                    ...done in 0.01060637 seconds.
                    
      Regenerating: 1 file(s) changed at 2025-08-10 23:03:41
                    jekyll.log
                    ...done in 0.009612404 seconds.
                    
      Regenerating: 1 file(s) changed at 2025-08-10 23:03:41
                    jekyll.log
                    ...done in 0.012055917 seconds.
                    
      Regenerating: 1 file(s) changed at 2025-08-10 23:03:41
                    jekyll.log
                    ...done in 0.011761099 seconds.
                    
      Regenerating: 1 file(s) changed at 2025-08-10 23:03:41
                    jekyll.log
                    ...done in 0.007204713 seconds.
                    
      Regenerating: 1 file(s) changed at 2025-08-10 23:03:41
                    jekyll.log
                    ...done in 0.007939413 seconds.
                    
      Regenerating: 1 file(s) changed at 2025-08-10 23:03:41
                    jekyll.log
                    ...done in 0.009414428 seconds.
                    
      Regenerating: 1 file(s) changed at 2025-08-10 23:03:41
                    jekyll.log
                    ...done in 0.011664984 seconds.
                    
      Regenerating: 1 file(s) changed at 2025-08-10 23:03:42
                    jekyll.log
                    ...done in 0.015733029 seconds.
                    
      Regenerating: 1 file(s) changed at 2025-08-10 23:03:42
                    jekyll.log
                    ...done in 0.008401526 seconds.
                    
      Regenerating: 1 file(s) changed at 2025-08-10 23:03:42
                    jekyll.log
                    ...done in 0.009478653 seconds.
                    
      Regenerating: 1 file(s) changed at 2025-08-10 23:03:42
                    jekyll.log
                    ...done in 0.010855102 seconds.
                    
      Regenerating: 1 file(s) changed at 2025-08-10 23:03:42
                    jekyll.log
                    ...done in 0.010161327 seconds.
                    
      Regenerating: 1 file(s) changed at 2025-08-10 23:03:42
                    jekyll.log
                    ...done in 0.007337282 seconds.
                    
      Regenerating: 1 file(s) changed at 2025-08-10 23:03:42
                    jekyll.log
                    ...done in 0.010180678 seconds.
                    
      Regenerating: 1 file(s) changed at 2025-08-10 23:03:42
                    jekyll.log
                    ...done in 0.012382862 seconds.
                    
      Regenerating: 1 file(s) changed at 2025-08-10 23:03:42
                    jekyll.log
                    ...done in 0.012282161 seconds.
                    
      Regenerating: 1 file(s) changed at 2025-08-10 23:03:43
                    jekyll.log
                    ...done in 0.013950032 seconds.
                    
      Regenerating: 1 file(s) changed at 2025-08-10 23:03:43
                    jekyll.log
                    ...done in 0.011820008 seconds.
                    
      Regenerating: 1 file(s) changed at 2025-08-10 23:03:43
                    jekyll.log
                    ...done in 0.013682709 seconds.
                    
      Regenerating: 1 file(s) changed at 2025-08-10 23:03:43
                    jekyll.log
                    ...done in 0.013089987 seconds.
                    
      Regenerating: 1 file(s) changed at 2025-08-10 23:03:43
                    jekyll.log
                    ...done in 0.012557616 seconds.
                    
      Regenerating: 1 file(s) changed at 2025-08-10 23:03:43
                    jekyll.log
                    ...done in 0.003745123 seconds.
                    
      Regenerating: 1 file(s) changed at 2025-08-10 23:03:43
                    jekyll.log
                    ...done in 0.010503398 seconds.
                    
      Regenerating: 1 file(s) changed at 2025-08-10 23:03:43
                    jekyll.log
                    ...done in 0.011060787 seconds.
                    
      Regenerating: 1 file(s) changed at 2025-08-10 23:03:43
                    jekyll.log
                    ...done in 0.008388721 seconds.
                    
      Regenerating: 1 file(s) changed at 2025-08-10 23:03:44
                    jekyll.log
                    ...done in 0.013951562 seconds.
                    
      Regenerating: 1 file(s) changed at 2025-08-10 23:03:44
                    jekyll.log
                    ...done in 0.013398105 seconds.
                    
      Regenerating: 1 file(s) changed at 2025-08-10 23:03:44
                    jekyll.log
                    ...done in 0.010322783 seconds.
                    
      Regenerating: 1 file(s) changed at 2025-08-10 23:03:44
                    jekyll.log
                    ...done in 0.011102728 seconds.
                    
      Regenerating: 1 file(s) changed at 2025-08-10 23:03:44
                    jekyll.log
                    ...done in 0.011189802 seconds.
                    
      Regenerating: 1 file(s) changed at 2025-08-10 23:03:44
                    jekyll.log
                    ...done in 0.008123829 seconds.
                    
      Regenerating: 1 file(s) changed at 2025-08-10 23:03:44
                    jekyll.log
                    ...done in 0.012126241 seconds.
                    
      Regenerating: 1 file(s) changed at 2025-08-10 23:03:44
                    jekyll.log
                    ...done in 0.012873199 seconds.
                    
      Regenerating: 1 file(s) changed at 2025-08-10 23:03:44
                    jekyll.log
                    ...done in 0.013343731 seconds.
                    
      Regenerating: 1 file(s) changed at 2025-08-10 23:03:45
                    jekyll.log
                    ...done in 0.00988791 seconds.
                    
      Regenerating: 1 file(s) changed at 2025-08-10 23:03:45
                    jekyll.log
                    ...done in 0.009654901 seconds.
                    
      Regenerating: 1 file(s) changed at 2025-08-10 23:03:45
                    jekyll.log
                    ...done in 0.012336966 seconds.
                    
      Regenerating: 1 file(s) changed at 2025-08-10 23:03:45
                    jekyll.log
                    ...done in 0.01146527 seconds.
                    
      Regenerating: 1 file(s) changed at 2025-08-10 23:03:45
                    jekyll.log
                    ...done in 0.006126288 seconds.
                    
      Regenerating: 1 file(s) changed at 2025-08-10 23:03:45
                    jekyll.log
                    ...done in 0.008699178 seconds.
                    
      Regenerating: 1 file(s) changed at 2025-08-10 23:03:45
                    jekyll.log
                    ...done in 0.004325411 seconds.
                    
      Regenerating: 1 file(s) changed at 2025-08-10 23:03:45
                    jekyll.log
                    ...done in 0.00560464 seconds.
                    
      Regenerating: 1 file(s) changed at 2025-08-10 23:03:45
                    jekyll.log
                    ...done in 0.008618387 seconds.
                    
      Regenerating: 1 file(s) changed at 2025-08-10 23:03:46
                    jekyll.log
                    ...done in 0.007418652 seconds.
                    
      Regenerating: 1 file(s) changed at 2025-08-10 23:03:46
                    jekyll.log
                    ...done in 0.012622781 seconds.
                    
      Regenerating: 1 file(s) changed at 2025-08-10 23:03:46
                    jekyll.log
                    ...done in 0.006864461 seconds.
                    
      Regenerating: 1 file(s) changed at 2025-08-10 23:03:46
                    jekyll.log
                    ...done in 0.012999748 seconds.
                    
      Regenerating: 1 file(s) changed at 2025-08-10 23:03:46
                    jekyll.log
                    ...done in 0.005578645 seconds.
                    
      Regenerating: 1 file(s) changed at 2025-08-10 23:03:46
                    jekyll.log
                    ...done in 0.004348157 seconds.
                    
      Regenerating: 1 file(s) changed at 2025-08-10 23:03:46
                    jekyll.log
                    ...done in 0.006065993 seconds.
                    
      Regenerating: 1 file(s) changed at 2025-08-10 23:03:46
                    jekyll.log
                    ...done in 0.013408454 seconds.
                    
      Regenerating: 1 file(s) changed at 2025-08-10 23:03:46
                    jekyll.log
                    ...done in 0.012623567 seconds.
                    
      Regenerating: 1 file(s) changed at 2025-08-10 23:03:47
                    jekyll.log
                    ...done in 0.011526827 seconds.
                    
      Regenerating: 1 file(s) changed at 2025-08-10 23:03:47
                    jekyll.log
                    ...done in 0.012210612 seconds.
                    
      Regenerating: 1 file(s) changed at 2025-08-10 23:03:47
                    jekyll.log
                    ...done in 0.013433109 seconds.
                    
      Regenerating: 1 file(s) changed at 2025-08-10 23:03:47
                    jekyll.log
                    ...done in 0.00497626 seconds.
                    
      Regenerating: 1 file(s) changed at 2025-08-10 23:03:47
                    jekyll.log
                    ...done in 0.012781189 seconds.
                    
      Regenerating: 1 file(s) changed at 2025-08-10 23:03:47
                    jekyll.log
                    ...done in 0.006642389 seconds.
                    
      Regenerating: 1 file(s) changed at 2025-08-10 23:03:47
                    jekyll.log
                    ...done in 0.012209367 seconds.
                    
      Regenerating: 1 file(s) changed at 2025-08-10 23:03:47
                    jekyll.log
                    ...done in 0.011722252 seconds.
                    
      Regenerating: 1 file(s) changed at 2025-08-10 23:03:47
                    jekyll.log
                    ...done in 0.006907735 seconds.
                    
      Regenerating: 1 file(s) changed at 2025-08-10 23:03:48
                    jekyll.log
                    ...done in 0.013991893 seconds.
                    
      Regenerating: 1 file(s) changed at 2025-08-10 23:03:48
                    jekyll.log
                    ...done in 0.008889654 seconds.
                    
      Regenerating: 1 file(s) changed at 2025-08-10 23:03:48
                    jekyll.log
                    ...done in 0.010555932 seconds.
                    
      Regenerating: 1 file(s) changed at 2025-08-10 23:03:48
                    jekyll.log
                    ...done in 0.010855461 seconds.
                    
      Regenerating: 1 file(s) changed at 2025-08-10 23:03:48
                    jekyll.log
                    ...done in 0.011580495 seconds.
                    
      Regenerating: 1 file(s) changed at 2025-08-10 23:03:48
                    jekyll.log
                    ...done in 0.007393134 seconds.
                    
      Regenerating: 1 file(s) changed at 2025-08-10 23:03:48
                    jekyll.log
                    ...done in 0.011484757 seconds.
                    
      Regenerating: 1 file(s) changed at 2025-08-10 23:03:48
                    jekyll.log
                    ...done in 0.013417466 seconds.
                    
      Regenerating: 1 file(s) changed at 2025-08-10 23:03:48
                    jekyll.log
                    ...done in 0.009811147 seconds.
                    
      Regenerating: 1 file(s) changed at 2025-08-10 23:03:49
                    jekyll.log
                    ...done in 0.015862108 seconds.
                    
      Regenerating: 1 file(s) changed at 2025-08-10 23:03:49
                    jekyll.log
                    ...done in 0.011980188 seconds.
                    
      Regenerating: 1 file(s) changed at 2025-08-10 23:03:49
                    jekyll.log
                    ...done in 0.012172677 seconds.
                    
      Regenerating: 1 file(s) changed at 2025-08-10 23:03:49
                    jekyll.log
                    ...done in 0.00531472 seconds.
                    
      Regenerating: 1 file(s) changed at 2025-08-10 23:03:49
                    jekyll.log
                    ...done in 0.012546704 seconds.
                    
      Regenerating: 1 file(s) changed at 2025-08-10 23:03:49
                    jekyll.log
                    ...done in 0.004763358 seconds.
                    
      Regenerating: 1 file(s) changed at 2025-08-10 23:03:49
                    jekyll.log
                    ...done in 0.007965147 seconds.
                    
      Regenerating: 1 file(s) changed at 2025-08-10 23:03:49
                    jekyll.log
                    ...done in 0.012131781 seconds.
                    
      Regenerating: 1 file(s) changed at 2025-08-10 23:03:49
                    jekyll.log
                    ...done in 0.012089069 seconds.
                    
      Regenerating: 1 file(s) changed at 2025-08-10 23:03:50
                    jekyll.log
                    ...done in 0.015797066 seconds.
                    
      Regenerating: 1 file(s) changed at 2025-08-10 23:03:50
                    jekyll.log
                    ...done in 0.008561615 seconds.
                    
      Regenerating: 1 file(s) changed at 2025-08-10 23:03:50
                    jekyll.log
                    ...done in 0.011495988 seconds.
                    
      Regenerating: 1 file(s) changed at 2025-08-10 23:03:50
                    jekyll.log
                    ...done in 0.014884748 seconds.
                    
      Regenerating: 1 file(s) changed at 2025-08-10 23:03:50
                    jekyll.log
                    ...done in 0.014570626 seconds.
                    
      Regenerating: 1 file(s) changed at 2025-08-10 23:03:50
                    jekyll.log
                    ...done in 0.009610027 seconds.
                    
      Regenerating: 1 file(s) changed at 2025-08-10 23:03:50
                    jekyll.log
                    ...done in 0.01277377 seconds.
                    
      Regenerating: 1 file(s) changed at 2025-08-10 23:03:50
                    jekyll.log
                    ...done in 0.008583133 seconds.
                    
      Regenerating: 1 file(s) changed at 2025-08-10 23:03:50
                    jekyll.log
                    ...done in 0.013017796 seconds.
                    
      Regenerating: 1 file(s) changed at 2025-08-10 23:03:51
                    jekyll.log
                    ...done in 0.004289691 seconds.
                    
      Regenerating: 1 file(s) changed at 2025-08-10 23:03:51
                    jekyll.log
                    ...done in 0.013590603 seconds.
                    
      Regenerating: 1 file(s) changed at 2025-08-10 23:03:51
                    jekyll.log
                    ...done in 0.013867101 seconds.
                    
      Regenerating: 1 file(s) changed at 2025-08-10 23:03:51
                    jekyll.log
                    ...done in 0.011374951 seconds.
                    
      Regenerating: 1 file(s) changed at 2025-08-10 23:03:51
                    jekyll.log
                    ...done in 0.00576759 seconds.
                    
      Regenerating: 1 file(s) changed at 2025-08-10 23:03:51
                    jekyll.log
                    ...done in 0.011186567 seconds.
                    
      Regenerating: 1 file(s) changed at 2025-08-10 23:03:51
                    jekyll.log
                    ...done in 0.013633617 seconds.
                    
      Regenerating: 1 file(s) changed at 2025-08-10 23:03:51
                    jekyll.log
                    ...done in 0.011245417 seconds.
                    
      Regenerating: 1 file(s) changed at 2025-08-10 23:03:51
                    jekyll.log
                    ...done in 0.013604731 seconds.
                    
      Regenerating: 1 file(s) changed at 2025-08-10 23:03:52
                    jekyll.log
                    ...done in 0.012448677 seconds.
                    
      Regenerating: 1 file(s) changed at 2025-08-10 23:03:52
                    jekyll.log
                    ...done in 0.011955291 seconds.
                    
      Regenerating: 1 file(s) changed at 2025-08-10 23:03:52
                    jekyll.log
                    ...done in 0.010690582 seconds.
                    
      Regenerating: 1 file(s) changed at 2025-08-10 23:03:52
                    jekyll.log
                    ...done in 0.009989363 seconds.
                    
      Regenerating: 1 file(s) changed at 2025-08-10 23:03:52
                    jekyll.log
                    ...done in 0.013170815 seconds.
                    
      Regenerating: 1 file(s) changed at 2025-08-10 23:03:52
                    jekyll.log
                    ...done in 0.01255839 seconds.
                    
      Regenerating: 1 file(s) changed at 2025-08-10 23:03:52
                    jekyll.log
                    ...done in 0.007903579 seconds.
                    
      Regenerating: 1 file(s) changed at 2025-08-10 23:03:52
                    jekyll.log
                    ...done in 0.012935716 seconds.
                    
      Regenerating: 1 file(s) changed at 2025-08-10 23:03:53
                    jekyll.log
